/*C12*/SET SCHEMA PUBLIC
DELETE FROM ALUNO WHERE ID='26cbd8f7-e84b-4de6-805f-0ae58838237a'
INSERT INTO ALUNO VALUES('26cbd8f7-e84b-4de6-805f-0ae58838237a',NULL,1,'aaaaaaa',0,'2018-12-15 10:58:19.373000','aaaaaa',9.0E0,'aaaaaaa','aaaaa')
COMMIT
DELETE FROM ALUNO WHERE ID='9ce12e5e-be1a-42e3-a57b-b13f3f44bed7'
INSERT INTO ALUNO VALUES('9ce12e5e-be1a-42e3-a57b-b13f3f44bed7',NULL,1,'teste',0,'2018-12-15 10:58:20.972000','teste',6.0E0,'wwww','11111111')
COMMIT
DELETE FROM ALUNO WHERE ID='a10301e2-095b-4d1f-913e-531b4d1e6fe6'
INSERT INTO ALUNO VALUES('a10301e2-095b-4d1f-913e-531b4d1e6fe6',NULL,1,'asdfh',0,'2018-12-15 10:58:21.809000','asdff',10.0E0,'sdfghjj','asfgh')
COMMIT
INSERT INTO ALUNO VALUES('347322df-c43c-4868-ad24-d14f3eab5cfb',NULL,0,'aaa',0,'2018-12-15 11:02:00.583000','aaaa',10.0E0,'aaas','aaa')
COMMIT
INSERT INTO ALUNO VALUES('6b001271-a3c1-4540-a0f2-6f86196438a7',NULL,0,'aaa',1,'2018-12-15 11:03:07.233000','aaaa',10.0E0,'aaas','aaa')
COMMIT
DELETE FROM ALUNO WHERE ID='347322df-c43c-4868-ad24-d14f3eab5cfb'
INSERT INTO ALUNO VALUES('347322df-c43c-4868-ad24-d14f3eab5cfb',NULL,1,'aaa',0,'2018-12-15 11:03:26.427000','aaaa',10.0E0,'aaas','aaa')
COMMIT
DELETE FROM ALUNO WHERE ID='6b001271-a3c1-4540-a0f2-6f86196438a7'
INSERT INTO ALUNO VALUES('6b001271-a3c1-4540-a0f2-6f86196438a7',NULL,1,'aaa',0,'2018-12-15 11:12:08.542000','aaaa',10.0E0,'aaas','aaa')
COMMIT
INSERT INTO ALUNO VALUES('333acd95-eaf6-47f9-8bd1-a22eba17f426',NULL,0,'agag',1,'2018-12-15 11:12:18.228000','aaaaa',10.0E0,'yahsv','gagag')
COMMIT
